  Graph.cpp
  GraphNode.cpp
  Grid2D.cpp
C:\Users\karth\Desktop\Project\GraphThesis\PathPlanning\Grid2D.cpp(76,32): warning C4018: '<': signed/unsigned mismatch
C:\Users\karth\Desktop\Project\GraphThesis\PathPlanning\Grid2D.cpp(77,33): warning C4018: '<': signed/unsigned mismatch
C:\Users\karth\Desktop\Project\GraphThesis\PathPlanning\Grid2D.cpp(85,19): warning C4018: '<': signed/unsigned mismatch
C:\Users\karth\Desktop\Project\GraphThesis\PathPlanning\Grid2D.cpp(108,32): warning C4018: '<': signed/unsigned mismatch
C:\Users\karth\Desktop\Project\GraphThesis\PathPlanning\Grid2D.cpp(109,33): warning C4018: '<': signed/unsigned mismatch
C:\Users\karth\Desktop\Project\GraphThesis\PathPlanning\Grid2D.cpp(111,35): warning C4018: '<': signed/unsigned mismatch
C:\Users\karth\Desktop\Project\GraphThesis\PathPlanning\Grid2D.cpp(131,21): warning C4018: '<': signed/unsigned mismatch
  PRM.cpp
C:\Users\karth\Desktop\Project\GraphThesis\PathPlanning\Grid2D.cpp(131,72): warning C4018: '<': signed/unsigned mismatch
C:\Users\karth\Desktop\Project\GraphThesis\PathPlanning\PRM.cpp(11,12): warning C4244: 'argument': conversion from 'time_t' to 'unsigned int', possible loss of data
  Source.cpp
C:\Users\karth\Desktop\Project\GraphThesis\PathPlanning\PRM.cpp(24,47): warning C4018: '<': signed/unsigned mismatch
  Generating code
  Previous IPDB not found, fall back to full compilation.
  All 301 functions were compiled because no usable IPDB/IOBJ from previous compilation was found.
  Finished generating code
  PathPlanning.vcxproj -> C:\Users\karth\Desktop\Project\GraphThesis\PathPlanning\Release\PathPlanning.exe
